Creating Conda environment...
Channels:
 - defaults
Platform: linux-64
Collecting package metadata (repodata.json): ...working... done
Solving environment: ...working... done

## Package Plan ##

  environment location: /zhome/df/0/181554/miniconda3/envs/test2

  added / updated specs:
    - python=3.8


The following NEW packages will be INSTALLED:

  _libgcc_mutex      pkgs/main/linux-64::_libgcc_mutex-0.1-main 
  _openmp_mutex      pkgs/main/linux-64::_openmp_mutex-5.1-1_gnu 
  ca-certificates    pkgs/main/linux-64::ca-certificates-2024.3.11-h06a4308_0 
  ld_impl_linux-64   pkgs/main/linux-64::ld_impl_linux-64-2.38-h1181459_1 
  libffi             pkgs/main/linux-64::libffi-3.4.4-h6a678d5_0 
  libgcc-ng          pkgs/main/linux-64::libgcc-ng-11.2.0-h1234567_1 
  libgomp            pkgs/main/linux-64::libgomp-11.2.0-h1234567_1 
  libstdcxx-ng       pkgs/main/linux-64::libstdcxx-ng-11.2.0-h1234567_1 
  ncurses            pkgs/main/linux-64::ncurses-6.4-h6a678d5_0 
  openssl            pkgs/main/linux-64::openssl-3.0.13-h7f8727e_0 
  pip                pkgs/main/linux-64::pip-23.3.1-py38h06a4308_0 
  python             pkgs/main/linux-64::python-3.8.19-h955ad1f_0 
  readline           pkgs/main/linux-64::readline-8.2-h5eee18b_0 
  setuptools         pkgs/main/linux-64::setuptools-68.2.2-py38h06a4308_0 
  sqlite             pkgs/main/linux-64::sqlite-3.41.2-h5eee18b_0 
  tk                 pkgs/main/linux-64::tk-8.6.12-h1ccaba5_0 
  wheel              pkgs/main/linux-64::wheel-0.41.2-py38h06a4308_0 
  xz                 pkgs/main/linux-64::xz-5.4.6-h5eee18b_0 
  zlib               pkgs/main/linux-64::zlib-1.2.13-h5eee18b_0 



Downloading and Extracting Packages: ...working... done
Preparing transaction: ...working... done
Verifying transaction: ...working... done
Executing transaction: ...working... done
#
# To activate this environment, use
#
#     $ conda activate test2
#
# To deactivate an active environment, use
#
#     $ conda deactivate

Activating Conda environment...
Installing main dependencies...
Channels:
 - fvcore
 - iopath
 - conda-forge
 - pytorch3d
 - pytorch
 - defaults
Platform: linux-64
Collecting package metadata (repodata.json): ...working... done
Solving environment: ...working... done

## Package Plan ##

  environment location: /zhome/df/0/181554/miniconda3/envs/test2

  added / updated specs:
    - cudatoolkit=10.1
    - fvcore
    - iopath
    - pytorch3d
    - pytorch=1.8
    - torchvision=0.9.1


The following NEW packages will be INSTALLED:

  cffi               conda-forge/linux-64::cffi-1.16.0-py38h6d47a40_0 
  colorama           conda-forge/noarch::colorama-0.4.6-pyhd8ed1ab_0 
  cudatoolkit        conda-forge/linux-64::cudatoolkit-10.1.243-h6d9799a_13 
  freetype           conda-forge/linux-64::freetype-2.10.4-h0708190_1 
  future             conda-forge/noarch::future-1.0.0-pyhd8ed1ab_0 
  fvcore             fvcore/linux-64::fvcore-0.1.5.post20210915-py38 
  iopath             iopath/linux-64::iopath-0.1.9-py38 
  jbig               conda-forge/linux-64::jbig-2.1-h7f98852_2003 
  jpeg               conda-forge/linux-64::jpeg-9e-h0b41bf4_3 
  lcms2              conda-forge/linux-64::lcms2-2.12-hddcbb42_0 
  lerc               conda-forge/linux-64::lerc-2.2.1-h9c3ff4c_0 
  libblas            conda-forge/linux-64::libblas-3.9.0-8_mkl 
  libcblas           conda-forge/linux-64::libcblas-3.9.0-8_mkl 
  libdeflate         conda-forge/linux-64::libdeflate-1.7-h7f98852_5 
  liblapack          conda-forge/linux-64::liblapack-3.9.0-8_mkl 
  libpng             conda-forge/linux-64::libpng-1.6.37-h21135ba_2 
  libprotobuf        conda-forge/linux-64::libprotobuf-3.16.0-h780b84a_0 
  libtiff            conda-forge/linux-64::libtiff-4.3.0-hf544144_1 
  libwebp-base       conda-forge/linux-64::libwebp-base-1.4.0-hd590300_0 
  llvm-openmp        conda-forge/linux-64::llvm-openmp-12.0.1-h4bd325d_1 
  lz4-c              conda-forge/linux-64::lz4-c-1.9.3-h9c3ff4c_1 
  mkl                conda-forge/linux-64::mkl-2020.4-h726a3e6_304 
  ninja              conda-forge/linux-64::ninja-1.12.0-h00ab1b0_0 
  numpy              conda-forge/linux-64::numpy-1.24.4-py38h59b608b_0 
  olefile            conda-forge/noarch::olefile-0.47-pyhd8ed1ab_0 
  openjpeg           conda-forge/linux-64::openjpeg-2.4.0-hb52868f_1 
  pillow             conda-forge/linux-64::pillow-8.2.0-py38ha0e1e83_1 
  portalocker        conda-forge/linux-64::portalocker-2.8.2-py38h578d9bd_1 
  pycparser          conda-forge/noarch::pycparser-2.22-pyhd8ed1ab_0 
  python_abi         conda-forge/linux-64::python_abi-3.8-2_cp38 
  pytorch            conda-forge/linux-64::pytorch-1.8.0-cpu_py38h91ab35c_3 
  pytorch3d          pytorch3d/linux-64::pytorch3d-0.7.0-py38_cu101_pyt180 
  pyyaml             conda-forge/linux-64::pyyaml-6.0.1-py38h01eb140_1 
  sleef              conda-forge/linux-64::sleef-3.5.1-h9b69904_2 
  tabulate           conda-forge/noarch::tabulate-0.9.0-pyhd8ed1ab_1 
  termcolor          conda-forge/noarch::termcolor-2.4.0-pyhd8ed1ab_0 
  torchvision        conda-forge/linux-64::torchvision-0.9.1-py38h3f3a366_1_cpu 
  tqdm               conda-forge/noarch::tqdm-4.66.2-pyhd8ed1ab_0 
  typing_extensions  conda-forge/noarch::typing_extensions-4.11.0-pyha770c72_0 
  yacs               conda-forge/noarch::yacs-0.1.8-pyhd8ed1ab_0 
  yaml               conda-forge/linux-64::yaml-0.2.5-h7f98852_2 
  zstd               conda-forge/linux-64::zstd-1.5.0-ha95c52a_0 

The following packages will be UPDATED:

  libgcc-ng          pkgs/main::libgcc-ng-11.2.0-h1234567_1 --> conda-forge::libgcc-ng-13.2.0-h807b86a_5 
  libgomp              pkgs/main::libgomp-11.2.0-h1234567_1 --> conda-forge::libgomp-13.2.0-h807b86a_5 
  libstdcxx-ng       pkgs/main::libstdcxx-ng-11.2.0-h12345~ --> conda-forge::libstdcxx-ng-13.2.0-h7e041cc_5 
  openssl              pkgs/main::openssl-3.0.13-h7f8727e_0 --> conda-forge::openssl-3.2.1-hd590300_1 

The following packages will be SUPERSEDED by a higher-priority channel:

  _libgcc_mutex           pkgs/main::_libgcc_mutex-0.1-main --> conda-forge::_libgcc_mutex-0.1-conda_forge 
  _openmp_mutex          pkgs/main::_openmp_mutex-5.1-1_gnu --> conda-forge::_openmp_mutex-4.5-2_kmp_llvm 



Downloading and Extracting Packages: ...working... done
Preparing transaction: ...working... done
Verifying transaction: ...working... done
Executing transaction: ...working... By downloading and using the CUDA Toolkit conda packages, you accept the terms and conditions of the CUDA End User License Agreement (EULA): https://docs.nvidia.com/cuda/eula/index.html

done
Installing additional dependencies...
Collecting cython
  Using cached Cython-3.0.10-cp38-cp38-manylinux_2_17_x86_64.manylinux2014_x86_64.whl.metadata (3.2 kB)
Collecting opencv-python
  Using cached opencv_python-4.9.0.80-cp37-abi3-manylinux_2_17_x86_64.manylinux2014_x86_64.whl.metadata (20 kB)
Requirement already satisfied: numpy>=1.17.0 in /zhome/df/0/181554/miniconda3/envs/test2/lib/python3.8/site-packages (from opencv-python) (1.24.4)
Using cached Cython-3.0.10-cp38-cp38-manylinux_2_17_x86_64.manylinux2014_x86_64.whl (3.6 MB)
Using cached opencv_python-4.9.0.80-cp37-abi3-manylinux_2_17_x86_64.manylinux2014_x86_64.whl (62.2 MB)
Installing collected packages: opencv-python, cython
Successfully installed cython-3.0.10 opencv-python-4.9.0.80
Looking in links: https://dl.fbaipublicfiles.com/detectron2/wheels/cu101/torch1.8/index.html
Collecting detectron2
  Using cached https://dl.fbaipublicfiles.com/detectron2/wheels/cu101/torch1.8/detectron2-0.6%2Bcu101-cp38-cp38-linux_x86_64.whl (6.3 MB)
Requirement already satisfied: Pillow>=7.1 in /zhome/df/0/181554/miniconda3/envs/test2/lib/python3.8/site-packages (from detectron2) (8.2.0)
Collecting matplotlib (from detectron2)
  Using cached matplotlib-3.7.5-cp38-cp38-manylinux_2_12_x86_64.manylinux2010_x86_64.whl.metadata (5.7 kB)
Collecting pycocotools>=2.0.2 (from detectron2)
  Using cached pycocotools-2.0.7-cp38-cp38-manylinux_2_17_x86_64.manylinux2014_x86_64.whl.metadata (1.1 kB)
Requirement already satisfied: termcolor>=1.1 in /zhome/df/0/181554/miniconda3/envs/test2/lib/python3.8/site-packages (from detectron2) (2.4.0)
Requirement already satisfied: yacs>=0.1.8 in /zhome/df/0/181554/miniconda3/envs/test2/lib/python3.8/site-packages (from detectron2) (0.1.8)
Requirement already satisfied: tabulate in /zhome/df/0/181554/miniconda3/envs/test2/lib/python3.8/site-packages (from detectron2) (0.9.0)
Collecting cloudpickle (from detectron2)
  Using cached cloudpickle-3.0.0-py3-none-any.whl.metadata (7.0 kB)
Requirement already satisfied: tqdm>4.29.0 in /zhome/df/0/181554/miniconda3/envs/test2/lib/python3.8/site-packages (from detectron2) (4.66.2)
Collecting tensorboard (from detectron2)
  Using cached tensorboard-2.14.0-py3-none-any.whl.metadata (1.8 kB)
Requirement already satisfied: fvcore<0.1.6,>=0.1.5 in /zhome/df/0/181554/miniconda3/envs/test2/lib/python3.8/site-packages (from detectron2) (0.1.5.post20210915)
Requirement already satisfied: iopath<0.1.10,>=0.1.7 in /zhome/df/0/181554/miniconda3/envs/test2/lib/python3.8/site-packages (from detectron2) (0.1.9)
Requirement already satisfied: future in /zhome/df/0/181554/miniconda3/envs/test2/lib/python3.8/site-packages (from detectron2) (1.0.0)
Collecting pydot (from detectron2)
  Using cached pydot-2.0.0-py3-none-any.whl.metadata (9.6 kB)
Collecting omegaconf>=2.1 (from detectron2)
  Using cached omegaconf-2.3.0-py3-none-any.whl.metadata (3.9 kB)
Collecting hydra-core>=1.1 (from detectron2)
  Using cached hydra_core-1.3.2-py3-none-any.whl.metadata (5.5 kB)
Collecting black==21.4b2 (from detectron2)
  Using cached black-21.4b2-py3-none-any.whl.metadata (52 kB)
Collecting click>=7.1.2 (from black==21.4b2->detectron2)
  Using cached click-8.1.7-py3-none-any.whl.metadata (3.0 kB)
Collecting appdirs (from black==21.4b2->detectron2)
  Using cached appdirs-1.4.4-py2.py3-none-any.whl.metadata (9.0 kB)
Collecting toml>=0.10.1 (from black==21.4b2->detectron2)
  Using cached toml-0.10.2-py2.py3-none-any.whl.metadata (7.1 kB)
Collecting regex>=2020.1.8 (from black==21.4b2->detectron2)
  Using cached regex-2024.4.16-cp38-cp38-manylinux_2_17_x86_64.manylinux2014_x86_64.whl.metadata (40 kB)
Collecting pathspec<1,>=0.8.1 (from black==21.4b2->detectron2)
  Using cached pathspec-0.12.1-py3-none-any.whl.metadata (21 kB)
Collecting mypy-extensions>=0.4.3 (from black==21.4b2->detectron2)
  Using cached mypy_extensions-1.0.0-py3-none-any.whl.metadata (1.1 kB)
Requirement already satisfied: numpy in /zhome/df/0/181554/miniconda3/envs/test2/lib/python3.8/site-packages (from fvcore<0.1.6,>=0.1.5->detectron2) (1.24.4)
Requirement already satisfied: pyyaml>=5.1 in /zhome/df/0/181554/miniconda3/envs/test2/lib/python3.8/site-packages (from fvcore<0.1.6,>=0.1.5->detectron2) (6.0.1)
Collecting antlr4-python3-runtime==4.9.* (from hydra-core>=1.1->detectron2)
  Using cached antlr4_python3_runtime-4.9.3-py3-none-any.whl
Collecting packaging (from hydra-core>=1.1->detectron2)
  Using cached packaging-24.0-py3-none-any.whl.metadata (3.2 kB)
Collecting importlib-resources (from hydra-core>=1.1->detectron2)
  Using cached importlib_resources-6.4.0-py3-none-any.whl.metadata (3.9 kB)
Requirement already satisfied: portalocker in /zhome/df/0/181554/miniconda3/envs/test2/lib/python3.8/site-packages (from iopath<0.1.10,>=0.1.7->detectron2) (2.8.2)
Collecting contourpy>=1.0.1 (from matplotlib->detectron2)
  Using cached contourpy-1.1.1-cp38-cp38-manylinux_2_17_x86_64.manylinux2014_x86_64.whl.metadata (5.9 kB)
Collecting cycler>=0.10 (from matplotlib->detectron2)
  Using cached cycler-0.12.1-py3-none-any.whl.metadata (3.8 kB)
Collecting fonttools>=4.22.0 (from matplotlib->detectron2)
  Using cached fonttools-4.51.0-cp38-cp38-manylinux_2_17_x86_64.manylinux2014_x86_64.whl.metadata (159 kB)
Collecting kiwisolver>=1.0.1 (from matplotlib->detectron2)
  Using cached kiwisolver-1.4.5-cp38-cp38-manylinux_2_5_x86_64.manylinux1_x86_64.whl.metadata (6.4 kB)
Collecting pyparsing>=2.3.1 (from matplotlib->detectron2)
  Using cached pyparsing-3.1.2-py3-none-any.whl.metadata (5.1 kB)
Collecting python-dateutil>=2.7 (from matplotlib->detectron2)
  Using cached python_dateutil-2.9.0.post0-py2.py3-none-any.whl.metadata (8.4 kB)
Collecting absl-py>=0.4 (from tensorboard->detectron2)
  Using cached absl_py-2.1.0-py3-none-any.whl.metadata (2.3 kB)
Collecting grpcio>=1.48.2 (from tensorboard->detectron2)
  Using cached grpcio-1.62.1-cp38-cp38-manylinux_2_17_x86_64.manylinux2014_x86_64.whl.metadata (4.0 kB)
Collecting google-auth<3,>=1.6.3 (from tensorboard->detectron2)
  Using cached google_auth-2.29.0-py2.py3-none-any.whl.metadata (4.7 kB)
Collecting google-auth-oauthlib<1.1,>=0.5 (from tensorboard->detectron2)
  Using cached google_auth_oauthlib-1.0.0-py2.py3-none-any.whl.metadata (2.7 kB)
Collecting markdown>=2.6.8 (from tensorboard->detectron2)
  Using cached Markdown-3.6-py3-none-any.whl.metadata (7.0 kB)
Collecting protobuf>=3.19.6 (from tensorboard->detectron2)
  Using cached protobuf-5.26.1-cp37-abi3-manylinux2014_x86_64.whl.metadata (592 bytes)
Collecting requests<3,>=2.21.0 (from tensorboard->detectron2)
  Using cached requests-2.31.0-py3-none-any.whl.metadata (4.6 kB)
Requirement already satisfied: setuptools>=41.0.0 in /zhome/df/0/181554/miniconda3/envs/test2/lib/python3.8/site-packages (from tensorboard->detectron2) (68.2.2)
Collecting tensorboard-data-server<0.8.0,>=0.7.0 (from tensorboard->detectron2)
  Using cached tensorboard_data_server-0.7.2-py3-none-any.whl.metadata (1.1 kB)
Collecting werkzeug>=1.0.1 (from tensorboard->detectron2)
  Using cached werkzeug-3.0.2-py3-none-any.whl.metadata (4.1 kB)
Requirement already satisfied: wheel>=0.26 in /zhome/df/0/181554/miniconda3/envs/test2/lib/python3.8/site-packages (from tensorboard->detectron2) (0.41.2)
Collecting cachetools<6.0,>=2.0.0 (from google-auth<3,>=1.6.3->tensorboard->detectron2)
  Using cached cachetools-5.3.3-py3-none-any.whl.metadata (5.3 kB)
Collecting pyasn1-modules>=0.2.1 (from google-auth<3,>=1.6.3->tensorboard->detectron2)
  Using cached pyasn1_modules-0.4.0-py3-none-any.whl.metadata (3.4 kB)
Collecting rsa<5,>=3.1.4 (from google-auth<3,>=1.6.3->tensorboard->detectron2)
  Using cached rsa-4.9-py3-none-any.whl.metadata (4.2 kB)
Collecting requests-oauthlib>=0.7.0 (from google-auth-oauthlib<1.1,>=0.5->tensorboard->detectron2)
  Using cached requests_oauthlib-2.0.0-py2.py3-none-any.whl.metadata (11 kB)
Collecting zipp>=3.1.0 (from importlib-resources->hydra-core>=1.1->detectron2)
  Using cached zipp-3.18.1-py3-none-any.whl.metadata (3.5 kB)
Collecting importlib-metadata>=4.4 (from markdown>=2.6.8->tensorboard->detectron2)
  Using cached importlib_metadata-7.1.0-py3-none-any.whl.metadata (4.7 kB)
Collecting six>=1.5 (from python-dateutil>=2.7->matplotlib->detectron2)
  Using cached six-1.16.0-py2.py3-none-any.whl.metadata (1.8 kB)
Collecting charset-normalizer<4,>=2 (from requests<3,>=2.21.0->tensorboard->detectron2)
  Using cached charset_normalizer-3.3.2-cp38-cp38-manylinux_2_17_x86_64.manylinux2014_x86_64.whl.metadata (33 kB)
Collecting idna<4,>=2.5 (from requests<3,>=2.21.0->tensorboard->detectron2)
  Using cached idna-3.7-py3-none-any.whl.metadata (9.9 kB)
Collecting urllib3<3,>=1.21.1 (from requests<3,>=2.21.0->tensorboard->detectron2)
  Using cached urllib3-2.2.1-py3-none-any.whl.metadata (6.4 kB)
Collecting certifi>=2017.4.17 (from requests<3,>=2.21.0->tensorboard->detectron2)
  Using cached certifi-2024.2.2-py3-none-any.whl.metadata (2.2 kB)
Collecting MarkupSafe>=2.1.1 (from werkzeug>=1.0.1->tensorboard->detectron2)
  Using cached MarkupSafe-2.1.5-cp38-cp38-manylinux_2_17_x86_64.manylinux2014_x86_64.whl.metadata (3.0 kB)
Collecting pyasn1<0.7.0,>=0.4.6 (from pyasn1-modules>=0.2.1->google-auth<3,>=1.6.3->tensorboard->detectron2)
  Using cached pyasn1-0.6.0-py2.py3-none-any.whl.metadata (8.3 kB)
Collecting oauthlib>=3.0.0 (from requests-oauthlib>=0.7.0->google-auth-oauthlib<1.1,>=0.5->tensorboard->detectron2)
  Using cached oauthlib-3.2.2-py3-none-any.whl.metadata (7.5 kB)
Using cached black-21.4b2-py3-none-any.whl (130 kB)
Using cached hydra_core-1.3.2-py3-none-any.whl (154 kB)
Using cached omegaconf-2.3.0-py3-none-any.whl (79 kB)
Using cached pycocotools-2.0.7-cp38-cp38-manylinux_2_17_x86_64.manylinux2014_x86_64.whl (439 kB)
Using cached matplotlib-3.7.5-cp38-cp38-manylinux_2_12_x86_64.manylinux2010_x86_64.whl (9.2 MB)
Using cached cloudpickle-3.0.0-py3-none-any.whl (20 kB)
Using cached pydot-2.0.0-py3-none-any.whl (22 kB)
Using cached tensorboard-2.14.0-py3-none-any.whl (5.5 MB)
Using cached absl_py-2.1.0-py3-none-any.whl (133 kB)
Using cached click-8.1.7-py3-none-any.whl (97 kB)
Using cached contourpy-1.1.1-cp38-cp38-manylinux_2_17_x86_64.manylinux2014_x86_64.whl (301 kB)
Using cached cycler-0.12.1-py3-none-any.whl (8.3 kB)
Using cached fonttools-4.51.0-cp38-cp38-manylinux_2_17_x86_64.manylinux2014_x86_64.whl (4.7 MB)
Using cached google_auth-2.29.0-py2.py3-none-any.whl (189 kB)
Using cached google_auth_oauthlib-1.0.0-py2.py3-none-any.whl (18 kB)
Using cached grpcio-1.62.1-cp38-cp38-manylinux_2_17_x86_64.manylinux2014_x86_64.whl (5.6 MB)
Using cached importlib_resources-6.4.0-py3-none-any.whl (38 kB)
Using cached kiwisolver-1.4.5-cp38-cp38-manylinux_2_5_x86_64.manylinux1_x86_64.whl (1.2 MB)
Using cached Markdown-3.6-py3-none-any.whl (105 kB)
Using cached mypy_extensions-1.0.0-py3-none-any.whl (4.7 kB)
Using cached packaging-24.0-py3-none-any.whl (53 kB)
Using cached pathspec-0.12.1-py3-none-any.whl (31 kB)
Using cached protobuf-5.26.1-cp37-abi3-manylinux2014_x86_64.whl (302 kB)
Using cached pyparsing-3.1.2-py3-none-any.whl (103 kB)
Using cached python_dateutil-2.9.0.post0-py2.py3-none-any.whl (229 kB)
Using cached regex-2024.4.16-cp38-cp38-manylinux_2_17_x86_64.manylinux2014_x86_64.whl (777 kB)
Using cached requests-2.31.0-py3-none-any.whl (62 kB)
Using cached tensorboard_data_server-0.7.2-py3-none-any.whl (2.4 kB)
Using cached toml-0.10.2-py2.py3-none-any.whl (16 kB)
Using cached werkzeug-3.0.2-py3-none-any.whl (226 kB)
Using cached appdirs-1.4.4-py2.py3-none-any.whl (9.6 kB)
Using cached cachetools-5.3.3-py3-none-any.whl (9.3 kB)
Using cached certifi-2024.2.2-py3-none-any.whl (163 kB)
Using cached charset_normalizer-3.3.2-cp38-cp38-manylinux_2_17_x86_64.manylinux2014_x86_64.whl (141 kB)
Using cached idna-3.7-py3-none-any.whl (66 kB)
Using cached importlib_metadata-7.1.0-py3-none-any.whl (24 kB)
Using cached MarkupSafe-2.1.5-cp38-cp38-manylinux_2_17_x86_64.manylinux2014_x86_64.whl (26 kB)
Using cached pyasn1_modules-0.4.0-py3-none-any.whl (181 kB)
Using cached requests_oauthlib-2.0.0-py2.py3-none-any.whl (24 kB)
Using cached rsa-4.9-py3-none-any.whl (34 kB)
Using cached six-1.16.0-py2.py3-none-any.whl (11 kB)
Using cached urllib3-2.2.1-py3-none-any.whl (121 kB)
Using cached zipp-3.18.1-py3-none-any.whl (8.2 kB)
Using cached oauthlib-3.2.2-py3-none-any.whl (151 kB)
Using cached pyasn1-0.6.0-py2.py3-none-any.whl (85 kB)
Installing collected packages: appdirs, antlr4-python3-runtime, zipp, urllib3, toml, tensorboard-data-server, six, regex, pyparsing, pyasn1, protobuf, pathspec, packaging, omegaconf, oauthlib, mypy-extensions, MarkupSafe, kiwisolver, idna, grpcio, fonttools, cycler, contourpy, cloudpickle, click, charset-normalizer, certifi, cachetools, absl-py, werkzeug, rsa, requests, python-dateutil, pydot, pyasn1-modules, importlib-resources, importlib-metadata, black, requests-oauthlib, matplotlib, markdown, hydra-core, google-auth, pycocotools, google-auth-oauthlib, tensorboard, detectron2
Successfully installed MarkupSafe-2.1.5 absl-py-2.1.0 antlr4-python3-runtime-4.9.3 appdirs-1.4.4 black-21.4b2 cachetools-5.3.3 certifi-2024.2.2 charset-normalizer-3.3.2 click-8.1.7 cloudpickle-3.0.0 contourpy-1.1.1 cycler-0.12.1 detectron2-0.6+cu101 fonttools-4.51.0 google-auth-2.29.0 google-auth-oauthlib-1.0.0 grpcio-1.62.1 hydra-core-1.3.2 idna-3.7 importlib-metadata-7.1.0 importlib-resources-6.4.0 kiwisolver-1.4.5 markdown-3.6 matplotlib-3.7.5 mypy-extensions-1.0.0 oauthlib-3.2.2 omegaconf-2.3.0 packaging-24.0 pathspec-0.12.1 protobuf-5.26.1 pyasn1-0.6.0 pyasn1-modules-0.4.0 pycocotools-2.0.7 pydot-2.0.0 pyparsing-3.1.2 python-dateutil-2.9.0.post0 regex-2024.4.16 requests-2.31.0 requests-oauthlib-2.0.0 rsa-4.9 six-1.16.0 tensorboard-2.14.0 tensorboard-data-server-0.7.2 toml-0.10.2 urllib3-2.2.1 werkzeug-3.0.2 zipp-3.18.1
Installing other dependencies...
Channels:
 - conda-forge
 - defaults
 - fvcore
 - iopath
 - pytorch3d
Platform: linux-64
Collecting package metadata (repodata.json): ...working... done
Solving environment: ...working... done

## Package Plan ##

  environment location: /zhome/df/0/181554/miniconda3/envs/test2

  added / updated specs:
    - scipy
    - seaborn


The following NEW packages will be INSTALLED:

  brotli             conda-forge/linux-64::brotli-1.1.0-hd590300_1 
  brotli-bin         conda-forge/linux-64::brotli-bin-1.1.0-hd590300_1 
  brotli-python      conda-forge/linux-64::brotli-python-1.1.0-py38h17151c0_1 
  certifi            conda-forge/noarch::certifi-2024.2.2-pyhd8ed1ab_0 
  charset-normalizer conda-forge/noarch::charset-normalizer-3.3.2-pyhd8ed1ab_0 
  cycler             conda-forge/noarch::cycler-0.12.1-pyhd8ed1ab_0 
  fonttools          conda-forge/linux-64::fonttools-4.51.0-py38h01eb140_0 
  idna               conda-forge/noarch::idna-3.7-pyhd8ed1ab_0 
  kiwisolver         conda-forge/linux-64::kiwisolver-1.4.5-py38h7f3f72f_1 
  libbrotlicommon    conda-forge/linux-64::libbrotlicommon-1.1.0-hd590300_1 
  libbrotlidec       conda-forge/linux-64::libbrotlidec-1.1.0-hd590300_1 
  libbrotlienc       conda-forge/linux-64::libbrotlienc-1.1.0-hd590300_1 
  libgfortran-ng     conda-forge/linux-64::libgfortran-ng-13.2.0-h69a702a_5 
  libgfortran5       conda-forge/linux-64::libgfortran5-13.2.0-ha4646dd_5 
  matplotlib-base    conda-forge/linux-64::matplotlib-base-3.5.2-py38h826bfd8_1 
  munkres            conda-forge/noarch::munkres-1.1.4-pyh9f0ad1d_0 
  packaging          conda-forge/noarch::packaging-24.0-pyhd8ed1ab_0 
  pandas             conda-forge/linux-64::pandas-2.0.3-py38h01efb38_1 
  patsy              conda-forge/noarch::patsy-0.5.6-pyhd8ed1ab_0 
  platformdirs       conda-forge/noarch::platformdirs-4.2.0-pyhd8ed1ab_0 
  pooch              conda-forge/noarch::pooch-1.8.1-pyhd8ed1ab_0 
  pyparsing          conda-forge/noarch::pyparsing-3.1.2-pyhd8ed1ab_0 
  pysocks            conda-forge/noarch::pysocks-1.7.1-pyha2e5f31_6 
  python-dateutil    conda-forge/noarch::python-dateutil-2.9.0-pyhd8ed1ab_0 
  python-tzdata      conda-forge/noarch::python-tzdata-2024.1-pyhd8ed1ab_0 
  pytz               conda-forge/noarch::pytz-2024.1-pyhd8ed1ab_0 
  requests           conda-forge/noarch::requests-2.31.0-pyhd8ed1ab_0 
  scipy              conda-forge/linux-64::scipy-1.10.1-py38h59b608b_3 
  seaborn            conda-forge/noarch::seaborn-0.13.2-hd8ed1ab_0 
  seaborn-base       conda-forge/noarch::seaborn-base-0.13.2-pyhd8ed1ab_0 
  six                conda-forge/noarch::six-1.16.0-pyh6c4a22f_0 
  statsmodels        conda-forge/linux-64::statsmodels-0.14.1-py38h7f0c24c_0 
  unicodedata2       conda-forge/linux-64::unicodedata2-15.1.0-py38h01eb140_0 
  urllib3            conda-forge/noarch::urllib3-2.2.1-pyhd8ed1ab_0 



Downloading and Extracting Packages: ...working... done
Preparing transaction: ...working... done
Verifying transaction: ...working... done
Executing transaction: ...working... done
Setup completed.
Let's try to run detectron2 :)
It run correctly!
